<?xml version="1.0" encoding="UTF-8"?>
<!-- Generated by org.testng.reporters.JUnitReportReporter -->
<testsuite hostname="Prem" failures="0" tests="10" name="auth_token_test" time="14.537" errors="0" timestamp="2023-01-30T16:00:59 IST" skipped="0">
  <testcase classname="auth_token_test" name="test_6" time="2.147"/>
  <system-out/>
  <testcase classname="auth_token_test" name="test_8" time="1.259"/>
  <system-out/>
  <testcase classname="auth_token_test" name="test_2" time="0.757"/>
  <system-out/>
  <testcase classname="auth_token_test" name="test_10" time="0.533"/>
  <system-out/>
  <testcase classname="auth_token_test" name="test_5" time="0.947"/>
  <system-out/>
  <testcase classname="auth_token_test" name="test_7" time="1.504"/>
  <system-out/>
  <testcase classname="auth_token_test" name="test_4" time="2.319"/>
  <system-out/>
  <testcase classname="auth_token_test" name="test_1" time="4.037"/>
  <system-out/>
  <testcase classname="auth_token_test" name="test_3" time="1.019"/>
  <system-out/>
  <testcase classname="auth_token_test" name="read_info" time="0.015"/>
  <system-out/>
</testsuite> <!-- auth_token_test -->
