<?xml version="1.0" encoding="UTF-8"?>
<!-- Generated by org.testng.reporters.JUnitReportReporter -->
<testsuite hostname="Prem" failures="0" tests="7" name="auth_token_test" time="5.508" errors="0" timestamp="2023-01-19T13:19:46 IST" skipped="0">
  <testcase classname="auth_token_test" name="read_info" time="0.009"/>
  <system-out/>
  <testcase classname="auth_token_test" name="test_3" time="0.753"/>
  <system-out/>
  <testcase classname="auth_token_test" name="test_2" time="0.781"/>
  <system-out/>
  <testcase classname="auth_token_test" name="test_5" time="0.870"/>
  <system-out/>
  <testcase classname="auth_token_test" name="test_4" time="0.719"/>
  <system-out/>
  <testcase classname="auth_token_test" name="test_1" time="1.869"/>
  <system-out/>
  <testcase classname="auth_token_test" name="test_6" time="0.507"/>
  <system-out/>
</testsuite> <!-- auth_token_test -->
