<?xml version="1.0" encoding="UTF-8"?>
<!-- Generated by org.testng.reporters.JUnitReportReporter -->
<testsuite hostname="Prem" failures="0" tests="8" name="auth_token_test" time="14.128" errors="0" timestamp="2023-01-23T10:17:08 IST" skipped="0">
  <testcase classname="auth_token_test" name="test_5" time="1.380"/>
  <system-out/>
  <testcase classname="auth_token_test" name="test_7" time="1.239"/>
  <system-out/>
  <testcase classname="auth_token_test" name="test_3" time="1.592"/>
  <system-out/>
  <testcase classname="auth_token_test" name="read_info" time="0.021"/>
  <system-out/>
  <testcase classname="auth_token_test" name="test_2" time="0.936"/>
  <system-out/>
  <testcase classname="auth_token_test" name="test_6" time="0.780"/>
  <system-out/>
  <testcase classname="auth_token_test" name="test_1" time="6.643"/>
  <system-out/>
  <testcase classname="auth_token_test" name="test_4" time="1.537"/>
  <system-out/>
</testsuite> <!-- auth_token_test -->
